<?xml version="1.0" encoding="UTF-8"?>
<!-- Generated by org.testng.reporters.JUnitReportReporter -->
<testsuite skipped="0" hostname="ATMECSINLT-033" name="com.atmecs.assessment.pages.ContextMenu" tests="3" failures="0" timestamp="30 Sep 2019 09:38:39 GMT" time="2.448" errors="0">
  <testcase name="mouseonService" time="0.898" classname="com.atmecs.assessment.pages.ContextMenu"/>
  <testcase name="mouseonDigitalLife" time="0.823" classname="com.atmecs.assessment.pages.ContextMenu"/>
  <testcase name="mouseonInfraStructur" time="0.727" classname="com.atmecs.assessment.pages.ContextMenu"/>
</testsuite> <!-- com.atmecs.assessment.pages.ContextMenu -->
