<?xml version="1.0" encoding="UTF-8"?>
<!-- Generated by org.testng.reporters.JUnitReportReporter -->
<testsuite skipped="0" hostname="ATMECSINLT-033" name="com.atmecs.assessment.pages.BlogSelect" tests="1" failures="0" timestamp="30 Sep 2019 12:14:23 GMT" time="10.927" errors="0">
  <testcase name="goToBlog" time="10.927" classname="com.atmecs.assessment.pages.BlogSelect"/>
</testsuite> <!-- com.atmecs.assessment.pages.BlogSelect -->
