<?xml version="1.0" encoding="UTF-8"?>
<!-- Generated by org.testng.reporters.JUnitReportReporter -->
<testsuite skipped="0" hostname="ATMECSINLT-033" name="com.atmecs.assessment.testscripts.ContextMenuScripts" tests="1" failures="0" timestamp="30 Sep 2019 13:54:07 GMT" time="3.277" errors="0">
  <testcase name="contextMenuFlow" time="3.277" classname="com.atmecs.assessment.testscripts.ContextMenuScripts"/>
</testsuite> <!-- com.atmecs.assessment.testscripts.ContextMenuScripts -->
