<?xml version="1.0" encoding="UTF-8"?>
<!-- Generated by org.testng.reporters.JUnitReportReporter -->
<testsuite skipped="0" hostname="ATMECSINLT-033" name="com.atmecs.assessment.testscripts.BlogSelectScript" tests="1" failures="0" timestamp="30 Sep 2019 14:12:46 GMT" time="12.324" errors="0">
  <testcase name="blogFlow" time="12.324" classname="com.atmecs.assessment.testscripts.BlogSelectScript"/>
</testsuite> <!-- com.atmecs.assessment.testscripts.BlogSelectScript -->
